D:\CPP_UNQ\EXEMPLECURSPOO\A_STL\A_STL4_DEQUE\A_STL_DEQUE\DEBUG\A_STL_DEQUE.PCH
D:\CPP_UNQ\EXEMPLECURSPOO\A_STL\A_STL4_DEQUE\A_STL_DEQUE\DEBUG\STDAFX.OBJ
D:\CPP_UNQ\EXEMPLECURSPOO\A_STL\A_STL4_DEQUE\A_STL_DEQUE\DEBUG\VC110.PDB
D:\CPP_UNQ\EXEMPLECURSPOO\A_STL\A_STL4_DEQUE\A_STL_DEQUE\DEBUG\A_STL_DEQUE.OBJ
D:\CPP_UNQ\EXEMPLECURSPOO\A_STL\A_STL4_DEQUE\DEBUG\A_STL_DEQUE.ILK
D:\CPP_UNQ\EXEMPLECURSPOO\A_STL\A_STL4_DEQUE\DEBUG\A_STL_DEQUE.EXE
D:\CPP_UNQ\EXEMPLECURSPOO\A_STL\A_STL4_DEQUE\DEBUG\A_STL_DEQUE.PDB
D:\CPP_UNQ\ExempleCursPOO\A_STL\A_STL4_deque\A_STL_deque\Debug\A_STL_deque.obj
D:\CPP_UNQ\ExempleCursPOO\A_STL\A_STL4_deque\A_STL_deque\Debug\stdafx.obj
D:\CPP_UNQ\ExempleCursPOO\A_STL\A_STL4_deque\A_STL_deque\Debug\cl.command.1.tlog
D:\CPP_UNQ\ExempleCursPOO\A_STL\A_STL4_deque\A_STL_deque\Debug\CL.read.1.tlog
D:\CPP_UNQ\ExempleCursPOO\A_STL\A_STL4_deque\A_STL_deque\Debug\CL.write.1.tlog
D:\CPP_UNQ\ExempleCursPOO\A_STL\A_STL4_deque\A_STL_deque\Debug\link-cvtres.read.1.tlog
D:\CPP_UNQ\ExempleCursPOO\A_STL\A_STL4_deque\A_STL_deque\Debug\link-cvtres.write.1.tlog
D:\CPP_UNQ\ExempleCursPOO\A_STL\A_STL4_deque\A_STL_deque\Debug\link-rc.read.1.tlog
D:\CPP_UNQ\ExempleCursPOO\A_STL\A_STL4_deque\A_STL_deque\Debug\link-rc.write.1.tlog
D:\CPP_UNQ\ExempleCursPOO\A_STL\A_STL4_deque\A_STL_deque\Debug\link.command.1.tlog
D:\CPP_UNQ\ExempleCursPOO\A_STL\A_STL4_deque\A_STL_deque\Debug\link.read.1.tlog
D:\CPP_UNQ\ExempleCursPOO\A_STL\A_STL4_deque\A_STL_deque\Debug\link.write.1.tlog
D:\CPP_UNQ\ExempleCursPOO\A_STL\A_STL4_deque\A_STL_deque\Debug\A_STL_deque.pch
D:\CPP_UNQ\ExempleCursPOO\A_STL\A_STL4_deque\A_STL_deque\Debug\vc110.idb
D:\CPP_UNQ\ExempleCursPOO\A_STL\A_STL4_deque\A_STL_deque\Debug\vc110.pdb
D:\CPP_UNQ\ExempleCursPOO\A_STL\A_STL4_deque\Debug\A_STL_deque.pdb
D:\CPP_UNQ\ExempleCursPOO\A_STL\A_STL4_deque\Debug\A_STL_deque.exe
D:\CPP_UNQ\ExempleCursPOO\A_STL\A_STL4_deque\Debug\A_STL_deque.ilk
