Build started 11/10/2014 3:09:37 PM.
     1>Project "D:\VS2010\PointConst\PointConst\PointConst.vcxproj" on node 2 (build target(s)).
     1>InitializeBuildStatus:
         Touching "Debug\PointConst.unsuccessfulbuild".
       ClCompile:
         C:\Program Files\Microsoft Visual Studio 10.0\VC\bin\CL.exe /c /ZI /nologo /W3 /WX- /Od /Oy- /D WIN32 /D _DEBUG /D _CONSOLE /D _UNICODE /D UNICODE /Gm /EHsc /RTC1 /MDd /GS /fp:precise /Zc:wchar_t /Zc:forScope /Fo"Debug\\" /Fd"Debug\vc100.pdb" /Gd /TP /analyze- /errorReport:prompt PointConst.cpp
         PointConst.cpp
     1>d:\vs2010\pointconst\pointconst\pointconst.cpp(22): warning C4101: 'pvoc' : unreferenced local variable
       ManifestResourceCompile:
         All outputs are up-to-date.
       Link:
         C:\Program Files\Microsoft Visual Studio 10.0\VC\bin\link.exe /ERRORREPORT:PROMPT /OUT:"D:\VS2010\PointConst\Debug\PointConst.exe" /INCREMENTAL /NOLOGO kernel32.lib user32.lib gdi32.lib winspool.lib comdlg32.lib advapi32.lib shell32.lib ole32.lib oleaut32.lib uuid.lib odbc32.lib odbccp32.lib /MANIFEST /ManifestFile:"Debug\PointConst.exe.intermediate.manifest" /MANIFESTUAC:"level='asInvoker' uiAccess='false'" /DEBUG /PDB:"D:\VS2010\PointConst\Debug\PointConst.pdb" /SUBSYSTEM:CONSOLE /TLBID:1 /DYNAMICBASE /NXCOMPAT /IMPLIB:"D:\VS2010\PointConst\Debug\PointConst.lib" /MACHINE:X86 Debug\PointConst.exe.embed.manifest.res
         Debug\PointConst.obj
         Debug\stdafx.obj
       Manifest:
         C:\Program Files\Microsoft SDKs\Windows\v7.0A\bin\mt.exe /nologo /verbose /out:"Debug\PointConst.exe.embed.manifest" /manifest Debug\PointConst.exe.intermediate.manifest
         All outputs are up-to-date.
       LinkEmbedManifest:
         All outputs are up-to-date.
         PointConst.vcxproj -> D:\VS2010\PointConst\Debug\PointConst.exe
       FinalizeBuildStatus:
         Deleting file "Debug\PointConst.unsuccessfulbuild".
         Touching "Debug\PointConst.lastbuildstate".
     1>Done Building Project "D:\VS2010\PointConst\PointConst\PointConst.vcxproj" (build target(s)).

Build succeeded.

Time Elapsed 00:00:00.98
