D:\SAP2016\Day6Sol\Day6Proj\Debug\cl.command.1.tlog
D:\SAP2016\Day6Sol\Day6Proj\Debug\CL.read.1.tlog
D:\SAP2016\Day6Sol\Day6Proj\Debug\CL.write.1.tlog
D:\SAP2016\DAY6SOL\DAY6PROJ\DEBUG\DAY6PROJ.EXE.EMBED.MANIFEST
D:\SAP2016\DAY6SOL\DAY6PROJ\DEBUG\DAY6PROJ.EXE.EMBED.MANIFEST.RES
D:\SAP2016\DAY6SOL\DAY6PROJ\DEBUG\DAY6PROJ.EXE.INTERMEDIATE.MANIFEST
D:\SAP2016\Day6Sol\Day6Proj\Debug\Day6Proj.write.1.tlog
D:\SAP2016\Day6Sol\Day6Proj\Debug\Day6Proj_manifest.rc
D:\SAP2016\DAY6SOL\DAY6PROJ\DEBUG\EX33_GENERATERSAKEYS.OBJ
D:\SAP2016\DAY6SOL\DAY6PROJ\DEBUG\EX34_ENCDECRSA.OBJ
D:\SAP2016\DAY6SOL\DAY6PROJ\DEBUG\EX35_ESIGNGENERATERSA.OBJ
D:\SAP2016\DAY6SOL\DAY6PROJ\DEBUG\EX36_ESIGNATUREVERIFYRSA.OBJ
D:\SAP2016\Day6Sol\Day6Proj\Debug\link.8912.read.1.tlog
D:\SAP2016\Day6Sol\Day6Proj\Debug\link.8912.write.1.tlog
D:\SAP2016\Day6Sol\Day6Proj\Debug\link.8912-cvtres.read.1.tlog
D:\SAP2016\Day6Sol\Day6Proj\Debug\link.8912-cvtres.write.1.tlog
D:\SAP2016\Day6Sol\Day6Proj\Debug\link.command.1.tlog
D:\SAP2016\Day6Sol\Day6Proj\Debug\link.read.1.tlog
D:\SAP2016\Day6Sol\Day6Proj\Debug\link.write.1.tlog
D:\SAP2016\Day6Sol\Day6Proj\Debug\link-cvtres.read.1.tlog
D:\SAP2016\Day6Sol\Day6Proj\Debug\link-cvtres.write.1.tlog
D:\SAP2016\Day6Sol\Day6Proj\Debug\mt.command.1.tlog
D:\SAP2016\Day6Sol\Day6Proj\Debug\mt.read.1.tlog
D:\SAP2016\Day6Sol\Day6Proj\Debug\mt.write.1.tlog
D:\SAP2016\Day6Sol\Day6Proj\Debug\rc.command.1.tlog
D:\SAP2016\Day6Sol\Day6Proj\Debug\rc.read.1.tlog
D:\SAP2016\Day6Sol\Day6Proj\Debug\rc.write.1.tlog
D:\SAP2016\Day6Sol\Day6Proj\Debug\vc100.idb
D:\SAP2016\DAY6SOL\DAY6PROJ\DEBUG\VC100.PDB
D:\SAP2016\DAY6SOL\DEBUG\DAY6PROJ.EXE
D:\SAP2016\DAY6SOL\DEBUG\DAY6PROJ.ILK
D:\SAP2016\DAY6SOL\DEBUG\DAY6PROJ.PDB
