Build started 18.01.2017 20:14:26.
     1>Project "D:\SAP2016\Day6Sol\Day6Proj\Day6Proj.vcxproj" on node 2 (rebuild target(s)).
     1>_PrepareForClean:
         Deleting file "Debug\Day6Proj.lastbuildstate".
       InitializeBuildStatus:
         Creating "Debug\Day6Proj.unsuccessfulbuild" because "AlwaysCreate" was specified.
       ClCompile:
         c:\Program Files (x86)\Microsoft Visual Studio 10.0\VC\bin\CL.exe /c /IC:\OpenSSL\include /ZI /nologo /W3 /WX- /Od /Oy- /D WIN32 /D _DEBUG /D _CONSOLE /D _UNICODE /D UNICODE /Gm /EHsc /RTC1 /MDd /GS /fp:precise /Zc:wchar_t /Zc:forScope /Fo"Debug\\" /Fd"Debug\vc100.pdb" /Gd /TP /analyze- /errorReport:prompt ex33_GenerateRSAKeys.cpp ex34_EncDecRSA.cpp ex35_ESignGenerateRSA.cpp ex36_ESignatureVerifyRSA.cpp ex37_GenerateX509.cpp
         ex37_GenerateX509.cpp
         ex36_ESignatureVerifyRSA.cpp
         ex35_ESignGenerateRSA.cpp
         ex34_EncDecRSA.cpp
         ex33_GenerateRSAKeys.cpp
         Generating Code...
       ManifestResourceCompile:
         C:\Program Files (x86)\Microsoft SDKs\Windows\v7.0A\bin\rc.exe /nologo /fo"Debug\Day6Proj.exe.embed.manifest.res" Debug\Day6Proj_manifest.rc 
       Link:
         c:\Program Files (x86)\Microsoft Visual Studio 10.0\VC\bin\link.exe /ERRORREPORT:PROMPT /OUT:"D:\SAP2016\Day6Sol\Debug\Day6Proj.exe" /INCREMENTAL /NOLOGO kernel32.lib user32.lib gdi32.lib winspool.lib comdlg32.lib advapi32.lib shell32.lib ole32.lib oleaut32.lib uuid.lib odbc32.lib odbccp32.lib /MANIFEST /ManifestFile:"Debug\Day6Proj.exe.intermediate.manifest" /MANIFESTUAC:"level='asInvoker' uiAccess='false'" /DEBUG /PDB:"D:\SAP2016\Day6Sol\Debug\Day6Proj.pdb" /SUBSYSTEM:CONSOLE /TLBID:1 /DYNAMICBASE /NXCOMPAT /IMPLIB:"D:\SAP2016\Day6Sol\Debug\Day6Proj.lib" /MACHINE:X86 Debug\Day6Proj.exe.embed.manifest.res
         Debug\ex33_GenerateRSAKeys.obj
         Debug\ex34_EncDecRSA.obj
         Debug\ex35_ESignGenerateRSA.obj
         Debug\ex36_ESignatureVerifyRSA.obj
         Debug\ex37_GenerateX509.obj C:\OpenSSL\lib\VC\static\libeay32MDd.lib C:\OpenSSL\lib\VC\static\libeay32MTd.lib 
       Manifest:
         Deleting file "Debug\Day6Proj.exe.embed.manifest".
         C:\Program Files (x86)\Microsoft SDKs\Windows\v7.0A\bin\mt.exe /nologo /verbose /out:"Debug\Day6Proj.exe.embed.manifest" /manifest Debug\Day6Proj.exe.intermediate.manifest
         C:\Program Files (x86)\Microsoft SDKs\Windows\v7.0A\bin\rc.exe /nologo /fo"Debug\Day6Proj.exe.embed.manifest.res" Debug\Day6Proj_manifest.rc 
       LinkEmbedManifest:
         c:\Program Files (x86)\Microsoft Visual Studio 10.0\VC\bin\link.exe /ERRORREPORT:PROMPT /OUT:"D:\SAP2016\Day6Sol\Debug\Day6Proj.exe" /INCREMENTAL /NOLOGO kernel32.lib user32.lib gdi32.lib winspool.lib comdlg32.lib advapi32.lib shell32.lib ole32.lib oleaut32.lib uuid.lib odbc32.lib odbccp32.lib /MANIFEST /ManifestFile:"Debug\Day6Proj.exe.intermediate.manifest" /MANIFESTUAC:"level='asInvoker' uiAccess='false'" /DEBUG /PDB:"D:\SAP2016\Day6Sol\Debug\Day6Proj.pdb" /SUBSYSTEM:CONSOLE /TLBID:1 /DYNAMICBASE /NXCOMPAT /IMPLIB:"D:\SAP2016\Day6Sol\Debug\Day6Proj.lib" /MACHINE:X86 Debug\Day6Proj.exe.embed.manifest.res
         Debug\ex33_GenerateRSAKeys.obj
         Debug\ex34_EncDecRSA.obj
         Debug\ex35_ESignGenerateRSA.obj
         Debug\ex36_ESignatureVerifyRSA.obj
         Debug\ex37_GenerateX509.obj C:\OpenSSL\lib\VC\static\libeay32MDd.lib C:\OpenSSL\lib\VC\static\libeay32MTd.lib 
         Day6Proj.vcxproj -> D:\SAP2016\Day6Sol\Debug\Day6Proj.exe
       FinalizeBuildStatus:
         Deleting file "Debug\Day6Proj.unsuccessfulbuild".
         Touching "Debug\Day6Proj.lastbuildstate".
     1>Done Building Project "D:\SAP2016\Day6Sol\Day6Proj\Day6Proj.vcxproj" (rebuild target(s)).

Build succeeded.

Time Elapsed 00:00:02.10
