D:\SAP2016\Day3Sol\Day3Proj\Debug\cl.command.1.tlog
D:\SAP2016\Day3Sol\Day3Proj\Debug\CL.read.1.tlog
D:\SAP2016\Day3Sol\Day3Proj\Debug\CL.write.1.tlog
D:\SAP2016\DAY3SOL\DAY3PROJ\DEBUG\DAY3PROJ.EXE.EMBED.MANIFEST
D:\SAP2016\DAY3SOL\DAY3PROJ\DEBUG\DAY3PROJ.EXE.EMBED.MANIFEST.RES
D:\SAP2016\DAY3SOL\DAY3PROJ\DEBUG\DAY3PROJ.EXE.INTERMEDIATE.MANIFEST
D:\SAP2016\Day3Sol\Day3Proj\Debug\Day3Proj.write.1.tlog
D:\SAP2016\Day3Sol\Day3Proj\Debug\Day3Proj_manifest.rc
D:\SAP2016\DAY3SOL\DAY3PROJ\DEBUG\EX24.OBJ
D:\SAP2016\DAY3SOL\DAY3PROJ\DEBUG\EX25.OBJ
D:\SAP2016\DAY3SOL\DAY3PROJ\DEBUG\EX26.OBJ
D:\SAP2016\DAY3SOL\DAY3PROJ\DEBUG\EX27.OBJ
D:\SAP2016\DAY3SOL\DAY3PROJ\DEBUG\EX28.OBJ
D:\SAP2016\Day3Sol\Day3Proj\Debug\link.6904.read.1.tlog
D:\SAP2016\Day3Sol\Day3Proj\Debug\link.6904.write.1.tlog
D:\SAP2016\Day3Sol\Day3Proj\Debug\link.6904-cvtres.read.1.tlog
D:\SAP2016\Day3Sol\Day3Proj\Debug\link.6904-cvtres.write.1.tlog
D:\SAP2016\Day3Sol\Day3Proj\Debug\link.command.1.tlog
D:\SAP2016\Day3Sol\Day3Proj\Debug\link.read.1.tlog
D:\SAP2016\Day3Sol\Day3Proj\Debug\link.write.1.tlog
D:\SAP2016\Day3Sol\Day3Proj\Debug\link-cvtres.read.1.tlog
D:\SAP2016\Day3Sol\Day3Proj\Debug\link-cvtres.write.1.tlog
D:\SAP2016\Day3Sol\Day3Proj\Debug\mt.command.1.tlog
D:\SAP2016\Day3Sol\Day3Proj\Debug\mt.read.1.tlog
D:\SAP2016\Day3Sol\Day3Proj\Debug\mt.write.1.tlog
D:\SAP2016\Day3Sol\Day3Proj\Debug\rc.command.1.tlog
D:\SAP2016\Day3Sol\Day3Proj\Debug\rc.read.1.tlog
D:\SAP2016\Day3Sol\Day3Proj\Debug\rc.write.1.tlog
D:\SAP2016\Day3Sol\Day3Proj\Debug\vc100.idb
D:\SAP2016\DAY3SOL\DAY3PROJ\DEBUG\VC100.PDB
D:\SAP2016\DAY3SOL\DEBUG\DAY3PROJ.EXE
D:\SAP2016\DAY3SOL\DEBUG\DAY3PROJ.ILK
D:\SAP2016\DAY3SOL\DEBUG\DAY3PROJ.PDB
