Build started 15.01.2017 13:39:39.
     1>Project "D:\SAP2016\Day3Sol\Day3Proj\Day3Proj.vcxproj" on node 2 (rebuild target(s)).
     1>_PrepareForClean:
         Deleting file "Debug\Day3Proj.lastbuildstate".
       InitializeBuildStatus:
         Creating "Debug\Day3Proj.unsuccessfulbuild" because "AlwaysCreate" was specified.
       ClCompile:
         c:\Program Files (x86)\Microsoft Visual Studio 10.0\VC\bin\CL.exe /c /ZI /nologo /W3 /WX- /Od /Oy- /D WIN32 /D _DEBUG /D _CONSOLE /D _UNICODE /D UNICODE /Gm /EHsc /RTC1 /MDd /GS /fp:precise /Zc:wchar_t /Zc:forScope /Fo"Debug\\" /Fd"Debug\vc100.pdb" /Gd /TP /analyze- /errorReport:prompt ex24.cpp ex25.cpp ex26.cpp ex27.cpp ex28.cpp
         ex28.cpp
         ex27.cpp
         ex26.cpp
         ex25.cpp
         ex24.cpp
     1>d:\sap2016\day3sol\day3proj\ex24.cpp(31): warning C4244: '=' : conversion from 'float' to 'int', possible loss of data
     1>d:\sap2016\day3sol\day3proj\ex24.cpp(67): warning C4244: '=' : conversion from 'double' to 'float', possible loss of data
     1>d:\sap2016\day3sol\day3proj\ex24.cpp(91): warning C4244: '=' : conversion from 'double' to 'float', possible loss of data
     1>d:\sap2016\day3sol\day3proj\ex24.cpp(93): warning C4244: '=' : conversion from 'double' to 'float', possible loss of data
     1>d:\sap2016\day3sol\day3proj\ex24.cpp(102): warning C4244: '=' : conversion from 'double' to 'float', possible loss of data
     1>d:\sap2016\day3sol\day3proj\ex24.cpp(104): warning C4244: '=' : conversion from 'double' to 'float', possible loss of data
     1>d:\sap2016\day3sol\day3proj\ex24.cpp(134): warning C4244: 'argument' : conversion from 'double' to 'int', possible loss of data
     1>d:\sap2016\day3sol\day3proj\ex24.cpp(136): warning C4244: 'argument' : conversion from 'double' to 'int', possible loss of data
     1>d:\sap2016\day3sol\day3proj\ex24.cpp(137): warning C4244: 'argument' : conversion from 'double' to 'int', possible loss of data
     1>d:\sap2016\day3sol\day3proj\ex24.cpp(140): warning C4244: 'argument' : conversion from 'double' to 'int', possible loss of data
     1>d:\sap2016\day3sol\day3proj\ex24.cpp(144): warning C4244: 'argument' : conversion from 'double' to 'int', possible loss of data
         Generating Code...
       ManifestResourceCompile:
         C:\Program Files (x86)\Microsoft SDKs\Windows\v7.0A\bin\rc.exe /nologo /fo"Debug\Day3Proj.exe.embed.manifest.res" Debug\Day3Proj_manifest.rc 
       Link:
         c:\Program Files (x86)\Microsoft Visual Studio 10.0\VC\bin\link.exe /ERRORREPORT:PROMPT /OUT:"D:\SAP2016\Day3Sol\Debug\Day3Proj.exe" /INCREMENTAL /NOLOGO kernel32.lib user32.lib gdi32.lib winspool.lib comdlg32.lib advapi32.lib shell32.lib ole32.lib oleaut32.lib uuid.lib odbc32.lib odbccp32.lib /MANIFEST /ManifestFile:"Debug\Day3Proj.exe.intermediate.manifest" /MANIFESTUAC:"level='asInvoker' uiAccess='false'" /DEBUG /PDB:"D:\SAP2016\Day3Sol\Debug\Day3Proj.pdb" /SUBSYSTEM:CONSOLE /TLBID:1 /DYNAMICBASE /NXCOMPAT /IMPLIB:"D:\SAP2016\Day3Sol\Debug\Day3Proj.lib" /MACHINE:X86 Debug\Day3Proj.exe.embed.manifest.res
         Debug\ex24.obj
         Debug\ex25.obj
         Debug\ex26.obj
         Debug\ex27.obj
         Debug\ex28.obj
       Manifest:
         Deleting file "Debug\Day3Proj.exe.embed.manifest".
         C:\Program Files (x86)\Microsoft SDKs\Windows\v7.0A\bin\mt.exe /nologo /verbose /out:"Debug\Day3Proj.exe.embed.manifest" /manifest Debug\Day3Proj.exe.intermediate.manifest
         C:\Program Files (x86)\Microsoft SDKs\Windows\v7.0A\bin\rc.exe /nologo /fo"Debug\Day3Proj.exe.embed.manifest.res" Debug\Day3Proj_manifest.rc 
       LinkEmbedManifest:
         c:\Program Files (x86)\Microsoft Visual Studio 10.0\VC\bin\link.exe /ERRORREPORT:PROMPT /OUT:"D:\SAP2016\Day3Sol\Debug\Day3Proj.exe" /INCREMENTAL /NOLOGO kernel32.lib user32.lib gdi32.lib winspool.lib comdlg32.lib advapi32.lib shell32.lib ole32.lib oleaut32.lib uuid.lib odbc32.lib odbccp32.lib /MANIFEST /ManifestFile:"Debug\Day3Proj.exe.intermediate.manifest" /MANIFESTUAC:"level='asInvoker' uiAccess='false'" /DEBUG /PDB:"D:\SAP2016\Day3Sol\Debug\Day3Proj.pdb" /SUBSYSTEM:CONSOLE /TLBID:1 /DYNAMICBASE /NXCOMPAT /IMPLIB:"D:\SAP2016\Day3Sol\Debug\Day3Proj.lib" /MACHINE:X86 Debug\Day3Proj.exe.embed.manifest.res
         Debug\ex24.obj
         Debug\ex25.obj
         Debug\ex26.obj
         Debug\ex27.obj
         Debug\ex28.obj
         Day3Proj.vcxproj -> D:\SAP2016\Day3Sol\Debug\Day3Proj.exe
       FinalizeBuildStatus:
         Deleting file "Debug\Day3Proj.unsuccessfulbuild".
         Touching "Debug\Day3Proj.lastbuildstate".
     1>Done Building Project "D:\SAP2016\Day3Sol\Day3Proj\Day3Proj.vcxproj" (rebuild target(s)).

Build succeeded.

Time Elapsed 00:00:04.09
