Build started 10.01.2017 20:40:50.
     1>Project "D:\SAP2016\Day5Sol\Day5Proj\Day5Proj.vcxproj" on node 2 (rebuild target(s)).
     1>_PrepareForClean:
         Deleting file "Debug\Day5Proj.lastbuildstate".
       InitializeBuildStatus:
         Creating "Debug\Day5Proj.unsuccessfulbuild" because "AlwaysCreate" was specified.
       ClCompile:
         c:\Program Files (x86)\Microsoft Visual Studio 10.0\VC\bin\CL.exe /c /IC:\OpenSSL\include /ZI /nologo /W3 /WX- /Od /Oy- /D WIN32 /D _DEBUG /D _CONSOLE /D _UNICODE /D UNICODE /Gm /EHsc /RTC1 /MDd /GS /fp:precise /Zc:wchar_t /Zc:forScope /Fo"Debug\\" /Fd"Debug\vc100.pdb" /Gd /TP /analyze- /errorReport:prompt ex30_MD5.cpp ex30_SHA1.cpp ex30_SHA256.cpp ex31_AES.cpp ex32_DES.cpp
         ex32_DES.cpp
     1>d:\sap2016\day5sol\day5proj\ex32_des.cpp(57): warning C4101: 'schedule' : unreferenced local variable
     1>d:\sap2016\day5sol\day5proj\ex32_des.cpp(83): warning C4101: 'schedule' : unreferenced local variable
         ex31_AES.cpp
         ex30_SHA256.cpp
         ex30_SHA1.cpp
         ex30_MD5.cpp
         Generating Code...
       ManifestResourceCompile:
         C:\Program Files (x86)\Microsoft SDKs\Windows\v7.0A\bin\rc.exe /nologo /fo"Debug\Day5Proj.exe.embed.manifest.res" Debug\Day5Proj_manifest.rc 
       Link:
         c:\Program Files (x86)\Microsoft Visual Studio 10.0\VC\bin\link.exe /ERRORREPORT:PROMPT /OUT:"D:\SAP2016\Day5Sol\Debug\Day5Proj.exe" /INCREMENTAL /NOLOGO kernel32.lib user32.lib gdi32.lib winspool.lib comdlg32.lib advapi32.lib shell32.lib ole32.lib oleaut32.lib uuid.lib odbc32.lib odbccp32.lib /MANIFEST /ManifestFile:"Debug\Day5Proj.exe.intermediate.manifest" /MANIFESTUAC:"level='asInvoker' uiAccess='false'" /DEBUG /PDB:"D:\SAP2016\Day5Sol\Debug\Day5Proj.pdb" /SUBSYSTEM:CONSOLE /TLBID:1 /DYNAMICBASE /NXCOMPAT /IMPLIB:"D:\SAP2016\Day5Sol\Debug\Day5Proj.lib" /MACHINE:X86 Debug\Day5Proj.exe.embed.manifest.res
         Debug\ex30_MD5.obj
         Debug\ex30_SHA1.obj
         Debug\ex30_SHA256.obj
         Debug\ex31_AES.obj
         Debug\ex32_DES.obj C:\OpenSSL\lib\VC\libeay32MTd.lib C:\OpenSSL\lib\VC\libeay32MDd.lib 
       Manifest:
         Deleting file "Debug\Day5Proj.exe.embed.manifest".
         C:\Program Files (x86)\Microsoft SDKs\Windows\v7.0A\bin\mt.exe /nologo /verbose /out:"Debug\Day5Proj.exe.embed.manifest" /manifest Debug\Day5Proj.exe.intermediate.manifest
         C:\Program Files (x86)\Microsoft SDKs\Windows\v7.0A\bin\rc.exe /nologo /fo"Debug\Day5Proj.exe.embed.manifest.res" Debug\Day5Proj_manifest.rc 
       LinkEmbedManifest:
         c:\Program Files (x86)\Microsoft Visual Studio 10.0\VC\bin\link.exe /ERRORREPORT:PROMPT /OUT:"D:\SAP2016\Day5Sol\Debug\Day5Proj.exe" /INCREMENTAL /NOLOGO kernel32.lib user32.lib gdi32.lib winspool.lib comdlg32.lib advapi32.lib shell32.lib ole32.lib oleaut32.lib uuid.lib odbc32.lib odbccp32.lib /MANIFEST /ManifestFile:"Debug\Day5Proj.exe.intermediate.manifest" /MANIFESTUAC:"level='asInvoker' uiAccess='false'" /DEBUG /PDB:"D:\SAP2016\Day5Sol\Debug\Day5Proj.pdb" /SUBSYSTEM:CONSOLE /TLBID:1 /DYNAMICBASE /NXCOMPAT /IMPLIB:"D:\SAP2016\Day5Sol\Debug\Day5Proj.lib" /MACHINE:X86 Debug\Day5Proj.exe.embed.manifest.res
         Debug\ex30_MD5.obj
         Debug\ex30_SHA1.obj
         Debug\ex30_SHA256.obj
         Debug\ex31_AES.obj
         Debug\ex32_DES.obj C:\OpenSSL\lib\VC\libeay32MTd.lib C:\OpenSSL\lib\VC\libeay32MDd.lib 
         Day5Proj.vcxproj -> D:\SAP2016\Day5Sol\Debug\Day5Proj.exe
       FinalizeBuildStatus:
         Deleting file "Debug\Day5Proj.unsuccessfulbuild".
         Touching "Debug\Day5Proj.lastbuildstate".
     1>Done Building Project "D:\SAP2016\Day5Sol\Day5Proj\Day5Proj.vcxproj" (rebuild target(s)).

Build succeeded.

Time Elapsed 00:00:01.51
