D:\SAP2016\Day5Sol\Day5Proj\Debug\cl.command.1.tlog
D:\SAP2016\Day5Sol\Day5Proj\Debug\CL.read.1.tlog
D:\SAP2016\Day5Sol\Day5Proj\Debug\CL.write.1.tlog
D:\SAP2016\DAY5SOL\DAY5PROJ\DEBUG\DAY5PROJ.EXE.EMBED.MANIFEST
D:\SAP2016\DAY5SOL\DAY5PROJ\DEBUG\DAY5PROJ.EXE.EMBED.MANIFEST.RES
D:\SAP2016\DAY5SOL\DAY5PROJ\DEBUG\DAY5PROJ.EXE.INTERMEDIATE.MANIFEST
D:\SAP2016\Day5Sol\Day5Proj\Debug\Day5Proj.vcxprojResolveAssemblyReference.cache
D:\SAP2016\Day5Sol\Day5Proj\Debug\Day5Proj.write.1.tlog
D:\SAP2016\Day5Sol\Day5Proj\Debug\Day5Proj_manifest.rc
D:\SAP2016\DAY5SOL\DAY5PROJ\DEBUG\EX30_MD5.OBJ
D:\SAP2016\DAY5SOL\DAY5PROJ\DEBUG\EX30_SHA1.OBJ
D:\SAP2016\DAY5SOL\DAY5PROJ\DEBUG\EX30_SHA256.OBJ
D:\SAP2016\DAY5SOL\DAY5PROJ\DEBUG\EX31_AES.OBJ
D:\SAP2016\DAY5SOL\DAY5PROJ\DEBUG\EX32_DES.OBJ
D:\SAP2016\Day5Sol\Day5Proj\Debug\link.2356.read.1.tlog
D:\SAP2016\Day5Sol\Day5Proj\Debug\link.2356.write.1.tlog
D:\SAP2016\Day5Sol\Day5Proj\Debug\link.2356-cvtres.read.1.tlog
D:\SAP2016\Day5Sol\Day5Proj\Debug\link.2356-cvtres.write.1.tlog
D:\SAP2016\Day5Sol\Day5Proj\Debug\link.command.1.tlog
D:\SAP2016\Day5Sol\Day5Proj\Debug\link.read.1.tlog
D:\SAP2016\Day5Sol\Day5Proj\Debug\link.write.1.tlog
D:\SAP2016\Day5Sol\Day5Proj\Debug\link-cvtres.read.1.tlog
D:\SAP2016\Day5Sol\Day5Proj\Debug\link-cvtres.write.1.tlog
D:\SAP2016\Day5Sol\Day5Proj\Debug\mt.command.1.tlog
D:\SAP2016\Day5Sol\Day5Proj\Debug\mt.read.1.tlog
D:\SAP2016\Day5Sol\Day5Proj\Debug\mt.write.1.tlog
D:\SAP2016\Day5Sol\Day5Proj\Debug\rc.command.1.tlog
D:\SAP2016\Day5Sol\Day5Proj\Debug\rc.read.1.tlog
D:\SAP2016\Day5Sol\Day5Proj\Debug\rc.write.1.tlog
D:\SAP2016\Day5Sol\Day5Proj\Debug\vc100.idb
D:\SAP2016\DAY5SOL\DAY5PROJ\DEBUG\VC100.PDB
D:\SAP2016\DAY5SOL\DEBUG\DAY5PROJ.EXE
D:\SAP2016\DAY5SOL\DEBUG\DAY5PROJ.ILK
D:\SAP2016\DAY5SOL\DEBUG\DAY5PROJ.PDB
